<?xml version="1.0" encoding="UTF-8"?>
<!-- Generated by org.testng.reporters.JUnitReportReporter -->
<testsuite skipped="0" hostname="sachin" name="test.test1.AppTest" tests="1" failures="0" timestamp="11 Feb 2021 09:32:48 GMT" time="22.788" errors="0">
  <testcase name="t1" time="22.788" classname="test.test1.AppTest"/>
</testsuite> <!-- test.test1.AppTest -->
